{
  "stats": {
    "suites": 1,
    "tests": 2,
    "passes": 2,
    "pending": 0,
    "failures": 0,
    "start": "2025-07-25T11:12:54.445Z",
    "end": "2025-07-25T11:12:54.566Z",
    "duration": 121,
    "testsRegistered": 2,
    "passPercent": 100,
    "pendingPercent": 0,
    "other": 0,
    "hasOther": false,
    "skipped": 0,
    "hasSkipped": false
  },
  "results": [
    {
      "uuid": "33391929-b088-413a-8cfb-54c7e5ba936c",
      "title": "",
      "fullFile": "cypress\\e2e\\serivice_route.cy.js",
      "file": "cypress\\e2e\\serivice_route.cy.js",
      "beforeHooks": [],
      "afterHooks": [],
      "tests": [],
      "suites": [
        {
          "uuid": "7a88dcbb-30ed-4589-ae38-1e2a341704ff",
          "title": "Kong workspace test",
          "fullFile": "",
          "file": "",
          "beforeHooks": [],
          "afterHooks": [],
          "tests": [
            {
              "title": "create service",
              "fullTitle": "Kong workspace test create service",
              "timedOut": null,
              "duration": 60,
              "state": "passed",
              "speed": "fast",
              "pass": true,
              "fail": false,
              "pending": false,
              "context": null,
              "code": "cy.request({\n  method: 'POST',\n  url: \"services/\",\n  form: true,\n  body: {\n    name: 'test_service' + currentTime,\n    url: 'http://localhost:8001'\n  },\n  failOnStatusCode: true,\n  retryOnNetworkFailure: true\n}).then(resp => {\n  expect(resp.status).to.eq(201);\n  const serviceName = resp.body.name;\n  expect(serviceName).to.not.be.oneOf(['', null, undefined]);\n  const serviceId = resp.body.id;\n  expect(serviceId).to.not.be.oneOf(['', null, undefined]);\n  Cypress.env('serviceId', serviceId);\n  Cypress.env('serviceName', serviceName);\n});",
              "err": {},
              "uuid": "5a69ae61-8d9b-4234-b4a1-ee9748062a3e",
              "parentUUID": "7a88dcbb-30ed-4589-ae38-1e2a341704ff",
              "isHook": false,
              "skipped": false
            },
            {
              "title": "create route via service",
              "fullTitle": "Kong workspace test create route via service",
              "timedOut": null,
              "duration": 34,
              "state": "passed",
              "speed": "fast",
              "pass": true,
              "fail": false,
              "pending": false,
              "context": null,
              "code": "cy.request({\n  method: 'POST',\n  url: \"routes/\",\n  body: {\n    \"name\": \"test-route\" + currentTime,\n    \"paths\": [\"/\" + Cypress.env('serviceName')],\n    \"strip_path\": true,\n    \"service\": {\n      \"id\": Cypress.env('serviceId')\n    }\n  },\n  failOnStatusCode: true,\n  retryOnNetworkFailure: true\n}).then(resp => {\n  expect(resp.status).to.eq(201);\n  const routeName = resp.body.name;\n  expect(routeName).to.not.be.oneOf(['', null, undefined]);\n  const routeId = resp.body.id;\n  expect(routeId).to.not.be.oneOf(['', null, undefined]);\n});",
              "err": {},
              "uuid": "fd90b76b-5d4d-42a1-beb9-5259699cd287",
              "parentUUID": "7a88dcbb-30ed-4589-ae38-1e2a341704ff",
              "isHook": false,
              "skipped": false
            }
          ],
          "suites": [],
          "passes": [
            "5a69ae61-8d9b-4234-b4a1-ee9748062a3e",
            "fd90b76b-5d4d-42a1-beb9-5259699cd287"
          ],
          "failures": [],
          "pending": [],
          "skipped": [],
          "duration": 94,
          "root": false,
          "rootEmpty": false,
          "_timeout": 2000
        }
      ],
      "passes": [],
      "failures": [],
      "pending": [],
      "skipped": [],
      "duration": 0,
      "root": true,
      "rootEmpty": true,
      "_timeout": 2000
    }
  ],
  "meta": {
    "mocha": {
      "version": "7.2.0"
    },
    "mochawesome": {
      "options": {
        "quiet": false,
        "reportFilename": "mochawesome",
        "saveHtml": true,
        "saveJson": true,
        "consoleReporter": "spec",
        "useInlineDiffs": false,
        "code": true
      },
      "version": "7.1.3"
    },
    "marge": {
      "options": {
        "reportDir": "cypress/reports",
        "overwrite": false,
        "html": true,
        "json": true
      },
      "version": "6.2.0"
    }
  }
}